#
# There is insufficient memory for the Java Runtime Environment to continue.
# Native memory allocation (malloc) failed to allocate 231216 bytes for Chunk::new
# Possible reasons:
#   The system is out of physical RAM or swap space
#   The process is running with CompressedOops enabled, and the Java Heap may be blocking the growth of the native heap
# Possible solutions:
#   Reduce memory load on the system
#   Increase physical memory or swap space
#   Check if swap backing store is full
#   Decrease Java heap size (-Xmx/-Xms)
#   Decrease number of Java threads
#   Decrease Java thread stack sizes (-Xss)
#   Set larger code cache with -XX:ReservedCodeCacheSize=
#   JVM is running with Unscaled Compressed Oops mode in which the Java heap is
#     placed in the first 4GB address space. The Java Heap base address is the
#     maximum limit for the native heap growth. Please use -XX:HeapBaseMinAddress
#     to set the Java Heap base and to place the Java Heap above 4GB virtual address.
# This output file may be truncated or incomplete.
#
#  Out of Memory Error (./open/src/hotspot/share/memory/arena.cpp:197), pid=3292, tid=10584
#
# JRE version: Java(TM) SE Runtime Environment 18.9 (11.0.8+10) (build 11.0.8+10-LTS)
# Java VM: Java HotSpot(TM) 64-Bit Server VM 18.9 (11.0.8+10-LTS, mixed mode, tiered, compressed oops, g1 gc, windows-amd64)
# No core dump will be written. Minidumps are not enabled by default on client versions of Windows
#

---------------  S U M M A R Y ------------

Command Line: -Dfile.encoding=Cp1252 formularioLibro.Formulario

Host: Intel(R) Core(TM) i7-5500U CPU @ 2.40GHz, 2 cores, 3G,  Windows 10 , 64 bit Build 19041 (10.0.19041.1503)
Time: Wed May  4 19:12:04 2022 Hora de verano romance elapsed time: 16583 seconds (0d 4h 36m 23s)

---------------  T H R E A D  ---------------

Current thread (0x000001bbc066f800):  JavaThread "C2 CompilerThread0" daemon [_thread_in_native, id=10584, stack(0x000000178af00000,0x000000178b000000)]


Current CompileTask:
C2:16583408 1546       4       java.util.HashMap::putVal (300 bytes)

Stack: [0x000000178af00000,0x000000178b000000]
Native frames: (J=compiled Java code, j=interpreted, Vv=VM code, C=native code)
V  [jvm.dll+0x601aea]
V  [jvm.dll+0x737fef]
V  [jvm.dll+0x739675]
V  [jvm.dll+0x739cf3]
V  [jvm.dll+0x242848]
V  [jvm.dll+0xb999c]
V  [jvm.dll+0xb9f2c]
V  [jvm.dll+0x3441a7]
V  [jvm.dll+0x312003]
V  [jvm.dll+0x31134a]
V  [jvm.dll+0x1fc2e5]
V  [jvm.dll+0x1fb49f]
V  [jvm.dll+0x17e0fc]
V  [jvm.dll+0x20aaa4]
V  [jvm.dll+0x208b7b]
V  [jvm.dll+0x6ff90c]
V  [jvm.dll+0x6f845c]
V  [jvm.dll+0x600d66]
C  [ucrtbase.dll+0x21bb2]
C  [KERNEL32.DLL+0x17034]
C  [ntdll.dll+0x52651]


---------------  P R O C E S S  ---------------

Threads class SMR info:
_java_thread_list=0x000001bbc47796c0, length=16, elements={
0x000001bbc0618000, 0x000001bbc0610000, 0x000001bbc0628000, 0x000001bbc0629000,
0x000001bbc066f800, 0x000001bbc06bc800, 0x000001bbc06be000, 0x000001bbc08fd000,
0x000001bbc090b000, 0x000001bbc0c2d000, 0x000001bbc0c35800, 0x000001bbc0c36800,
0x000001bbc0c34800, 0x000001bbc0c34000, 0x000001bbc4587800, 0x000001bbc4586000
}

Java Threads: ( => current thread )
  0x000001bbc0618000 JavaThread "Reference Handler" daemon [_thread_blocked, id=6484, stack(0x000000178ab00000,0x000000178ac00000)]
  0x000001bbc0610000 JavaThread "Finalizer" daemon [_thread_blocked, id=3872, stack(0x000000178ac00000,0x000000178ad00000)]
  0x000001bbc0628000 JavaThread "Signal Dispatcher" daemon [_thread_blocked, id=4168, stack(0x000000178ad00000,0x000000178ae00000)]
  0x000001bbc0629000 JavaThread "Attach Listener" daemon [_thread_blocked, id=8204, stack(0x000000178ae00000,0x000000178af00000)]
=>0x000001bbc066f800 JavaThread "C2 CompilerThread0" daemon [_thread_in_native, id=10584, stack(0x000000178af00000,0x000000178b000000)]
  0x000001bbc06bc800 JavaThread "C1 CompilerThread0" daemon [_thread_blocked, id=8296, stack(0x000000178b000000,0x000000178b100000)]
  0x000001bbc06be000 JavaThread "Sweeper thread" daemon [_thread_blocked, id=9656, stack(0x000000178b100000,0x000000178b200000)]
  0x000001bbc08fd000 JavaThread "Service Thread" daemon [_thread_blocked, id=5904, stack(0x000000178b200000,0x000000178b300000)]
  0x000001bbc090b000 JavaThread "Common-Cleaner" daemon [_thread_blocked, id=6836, stack(0x000000178b400000,0x000000178b500000)]
  0x000001bbc0c2d000 JavaThread "Java2D Disposer" daemon [_thread_blocked, id=10532, stack(0x000000178b500000,0x000000178b600000)]
  0x000001bbc0c35800 JavaThread "AWT-Shutdown" [_thread_blocked, id=10688, stack(0x000000178b600000,0x000000178b700000)]
  0x000001bbc0c36800 JavaThread "AWT-Windows" daemon [_thread_in_native, id=216, stack(0x000000178b700000,0x000000178b800000)]
  0x000001bbc0c34800 JavaThread "AWT-EventQueue-0" [_thread_blocked, id=9280, stack(0x000000178b800000,0x000000178b900000)]
  0x000001bbc0c34000 JavaThread "DestroyJavaVM" [_thread_blocked, id=4972, stack(0x000000178a400000,0x000000178a500000)]
  0x000001bbc4587800 JavaThread "D3D Screen Updater" daemon [_thread_blocked, id=7604, stack(0x000000178bd00000,0x000000178be00000)]
  0x000001bbc4586000 JavaThread "TimerQueue" daemon [_thread_blocked, id=10232, stack(0x000000178be00000,0x000000178bf00000)]

Other Threads:
  0x000001bbc0604800 VMThread "VM Thread" [stack: 0x000000178aa00000,0x000000178ab00000] [id=6728]
  0x000001bbc0904000 WatcherThread [stack: 0x000000178b300000,0x000000178b400000] [id=9492]
  0x000001bba3c68000 GCTaskThread "GC Thread#0" [stack: 0x000000178a500000,0x000000178a600000] [id=5308]
  0x000001bbc0f2e000 GCTaskThread "GC Thread#1" [stack: 0x000000178b900000,0x000000178ba00000] [id=2860]
  0x000001bba3c84800 ConcurrentGCThread "G1 Main Marker" [stack: 0x000000178a600000,0x000000178a700000] [id=1996]
  0x000001bba3c86800 ConcurrentGCThread "G1 Conc#0" [stack: 0x000000178a700000,0x000000178a800000] [id=3928]
  0x000001bba3cd4800 ConcurrentGCThread "G1 Refine#0" [stack: 0x000000178a800000,0x000000178a900000] [id=8244]
  0x000001bba3cd7000 ConcurrentGCThread "G1 Young RemSet Sampling" [stack: 0x000000178a900000,0x000000178aa00000] [id=9172]

Threads with active compile tasks:
C2 CompilerThread016583526 1546       4       java.util.HashMap::putVal (300 bytes)

VM state:not at safepoint (normal execution)

VM Mutex/Monitor currently owned by a thread: None

Heap address: 0x00000000c0000000, size: 1024 MB, Compressed Oops mode: 32-bit
Narrow klass base: 0x0000000000000000, Narrow klass shift: 3
Compressed class space size: 1073741824 Address: 0x0000000100000000

Heap:
 garbage-first heap   total 65536K, used 7326K [0x00000000c0000000, 0x0000000100000000)
  region size 1024K, 7 young (7168K), 1 survivors (1024K)
 Metaspace       used 15208K, capacity 15582K, committed 15616K, reserved 1062912K
  class space    used 1602K, capacity 1772K, committed 1792K, reserved 1048576K
Heap Regions: E=young(eden), S=young(survivor), O=old, HS=humongous(starts), HC=humongous(continues), CS=collection set, F=free, A=archive, TAMS=top-at-mark-start (previous, next)
|   0|0x00000000c0000000, 0x00000000c0100000, 0x00000000c0100000|100%| O|  |TAMS 0x00000000c0000000, 0x00000000c0000000| Untracked 
|   1|0x00000000c0100000, 0x00000000c01db600, 0x00000000c0200000| 85%| O|  |TAMS 0x00000000c0100000, 0x00000000c0100000| Untracked 
|   2|0x00000000c0200000, 0x00000000c0200000, 0x00000000c0300000|  0%| F|  |TAMS 0x00000000c0200000, 0x00000000c0200000| Untracked 
|   3|0x00000000c0300000, 0x00000000c0300000, 0x00000000c0400000|  0%| F|  |TAMS 0x00000000c0300000, 0x00000000c0300000| Untracked 
|   4|0x00000000c0400000, 0x00000000c0400000, 0x00000000c0500000|  0%| F|  |TAMS 0x00000000c0400000, 0x00000000c0400000| Untracked 
|   5|0x00000000c0500000, 0x00000000c0500000, 0x00000000c0600000|  0%| F|  |TAMS 0x00000000c0500000, 0x00000000c0500000| Untracked 
|   6|0x00000000c0600000, 0x00000000c0600000, 0x00000000c0700000|  0%| F|  |TAMS 0x00000000c0600000, 0x00000000c0600000| Untracked 
|   7|0x00000000c0700000, 0x00000000c0700000, 0x00000000c0800000|  0%| F|  |TAMS 0x00000000c0700000, 0x00000000c0700000| Untracked 
|   8|0x00000000c0800000, 0x00000000c0800000, 0x00000000c0900000|  0%| F|  |TAMS 0x00000000c0800000, 0x00000000c0800000| Untracked 
|   9|0x00000000c0900000, 0x00000000c0900000, 0x00000000c0a00000|  0%| F|  |TAMS 0x00000000c0900000, 0x00000000c0900000| Untracked 
|  10|0x00000000c0a00000, 0x00000000c0a00000, 0x00000000c0b00000|  0%| F|  |TAMS 0x00000000c0a00000, 0x00000000c0a00000| Untracked 
|  11|0x00000000c0b00000, 0x00000000c0b00000, 0x00000000c0c00000|  0%| F|  |TAMS 0x00000000c0b00000, 0x00000000c0b00000| Untracked 
|  12|0x00000000c0c00000, 0x00000000c0c00000, 0x00000000c0d00000|  0%| F|  |TAMS 0x00000000c0c00000, 0x00000000c0c00000| Untracked 
|  13|0x00000000c0d00000, 0x00000000c0d00000, 0x00000000c0e00000|  0%| F|  |TAMS 0x00000000c0d00000, 0x00000000c0d00000| Untracked 
|  14|0x00000000c0e00000, 0x00000000c0e00000, 0x00000000c0f00000|  0%| F|  |TAMS 0x00000000c0e00000, 0x00000000c0e00000| Untracked 
|  15|0x00000000c0f00000, 0x00000000c0f00000, 0x00000000c1000000|  0%| F|  |TAMS 0x00000000c0f00000, 0x00000000c0f00000| Untracked 
|  16|0x00000000c1000000, 0x00000000c1000000, 0x00000000c1100000|  0%| F|  |TAMS 0x00000000c1000000, 0x00000000c1000000| Untracked 
|  17|0x00000000c1100000, 0x00000000c1100000, 0x00000000c1200000|  0%| F|  |TAMS 0x00000000c1100000, 0x00000000c1100000| Untracked 
|  18|0x00000000c1200000, 0x00000000c1200000, 0x00000000c1300000|  0%| F|  |TAMS 0x00000000c1200000, 0x00000000c1200000| Untracked 
|  19|0x00000000c1300000, 0x00000000c1300000, 0x00000000c1400000|  0%| F|  |TAMS 0x00000000c1300000, 0x00000000c1300000| Untracked 
|  20|0x00000000c1400000, 0x00000000c1400000, 0x00000000c1500000|  0%| F|  |TAMS 0x00000000c1400000, 0x00000000c1400000| Untracked 
|  21|0x00000000c1500000, 0x00000000c1500000, 0x00000000c1600000|  0%| F|  |TAMS 0x00000000c1500000, 0x00000000c1500000| Untracked 
|  22|0x00000000c1600000, 0x00000000c1600000, 0x00000000c1700000|  0%| F|  |TAMS 0x00000000c1600000, 0x00000000c1600000| Untracked 
|  23|0x00000000c1700000, 0x00000000c1700000, 0x00000000c1800000|  0%| F|  |TAMS 0x00000000c1700000, 0x00000000c1700000| Untracked 
|  24|0x00000000c1800000, 0x00000000c1800000, 0x00000000c1900000|  0%| F|  |TAMS 0x00000000c1800000, 0x00000000c1800000| Untracked 
|  25|0x00000000c1900000, 0x00000000c1900000, 0x00000000c1a00000|  0%| F|  |TAMS 0x00000000c1900000, 0x00000000c1900000| Untracked 
|  26|0x00000000c1a00000, 0x00000000c1a00000, 0x00000000c1b00000|  0%| F|  |TAMS 0x00000000c1a00000, 0x00000000c1a00000| Untracked 
|  27|0x00000000c1b00000, 0x00000000c1b00000, 0x00000000c1c00000|  0%| F|  |TAMS 0x00000000c1b00000, 0x00000000c1b00000| Untracked 
|  28|0x00000000c1c00000, 0x00000000c1c00000, 0x00000000c1d00000|  0%| F|  |TAMS 0x00000000c1c00000, 0x00000000c1c00000| Untracked 
|  29|0x00000000c1d00000, 0x00000000c1d00000, 0x00000000c1e00000|  0%| F|  |TAMS 0x00000000c1d00000, 0x00000000c1d00000| Untracked 
|  30|0x00000000c1e00000, 0x00000000c1e00000, 0x00000000c1f00000|  0%| F|  |TAMS 0x00000000c1e00000, 0x00000000c1e00000| Untracked 
|  31|0x00000000c1f00000, 0x00000000c1f00000, 0x00000000c2000000|  0%| F|  |TAMS 0x00000000c1f00000, 0x00000000c1f00000| Untracked 
|  32|0x00000000c2000000, 0x00000000c2000000, 0x00000000c2100000|  0%| F|  |TAMS 0x00000000c2000000, 0x00000000c2000000| Untracked 
|  33|0x00000000c2100000, 0x00000000c2100000, 0x00000000c2200000|  0%| F|  |TAMS 0x00000000c2100000, 0x00000000c2100000| Untracked 
|  34|0x00000000c2200000, 0x00000000c2200000, 0x00000000c2300000|  0%| F|  |TAMS 0x00000000c2200000, 0x00000000c2200000| Untracked 
|  35|0x00000000c2300000, 0x00000000c2300000, 0x00000000c2400000|  0%| F|  |TAMS 0x00000000c2300000, 0x00000000c2300000| Untracked 
|  36|0x00000000c2400000, 0x00000000c2400000, 0x00000000c2500000|  0%| F|  |TAMS 0x00000000c2400000, 0x00000000c2400000| Untracked 
|  37|0x00000000c2500000, 0x00000000c2500000, 0x00000000c2600000|  0%| F|  |TAMS 0x00000000c2500000, 0x00000000c2500000| Untracked 
|  38|0x00000000c2600000, 0x00000000c2600000, 0x00000000c2700000|  0%| F|  |TAMS 0x00000000c2600000, 0x00000000c2600000| Untracked 
|  39|0x00000000c2700000, 0x00000000c2700000, 0x00000000c2800000|  0%| F|  |TAMS 0x00000000c2700000, 0x00000000c2700000| Untracked 
|  40|0x00000000c2800000, 0x00000000c2800000, 0x00000000c2900000|  0%| F|  |TAMS 0x00000000c2800000, 0x00000000c2800000| Untracked 
|  41|0x00000000c2900000, 0x00000000c2900000, 0x00000000c2a00000|  0%| F|  |TAMS 0x00000000c2900000, 0x00000000c2900000| Untracked 
|  42|0x00000000c2a00000, 0x00000000c2a00000, 0x00000000c2b00000|  0%| F|  |TAMS 0x00000000c2a00000, 0x00000000c2a00000| Untracked 
|  43|0x00000000c2b00000, 0x00000000c2b00000, 0x00000000c2c00000|  0%| F|  |TAMS 0x00000000c2b00000, 0x00000000c2b00000| Untracked 
|  44|0x00000000c2c00000, 0x00000000c2c00000, 0x00000000c2d00000|  0%| F|  |TAMS 0x00000000c2c00000, 0x00000000c2c00000| Untracked 
|  45|0x00000000c2d00000, 0x00000000c2d00000, 0x00000000c2e00000|  0%| F|  |TAMS 0x00000000c2d00000, 0x00000000c2d00000| Untracked 
|  46|0x00000000c2e00000, 0x00000000c2e00000, 0x00000000c2f00000|  0%| F|  |TAMS 0x00000000c2e00000, 0x00000000c2e00000| Untracked 
|  47|0x00000000c2f00000, 0x00000000c2f00000, 0x00000000c3000000|  0%| F|  |TAMS 0x00000000c2f00000, 0x00000000c2f00000| Untracked 
|  48|0x00000000c3000000, 0x00000000c3000000, 0x00000000c3100000|  0%| F|  |TAMS 0x00000000c3000000, 0x00000000c3000000| Untracked 
|  49|0x00000000c3100000, 0x00000000c3100000, 0x00000000c3200000|  0%| F|  |TAMS 0x00000000c3100000, 0x00000000c3100000| Untracked 
|  50|0x00000000c3200000, 0x00000000c3200000, 0x00000000c3300000|  0%| F|  |TAMS 0x00000000c3200000, 0x00000000c3200000| Untracked 
|  51|0x00000000c3300000, 0x00000000c3300000, 0x00000000c3400000|  0%| F|  |TAMS 0x00000000c3300000, 0x00000000c3300000| Untracked 
|  52|0x00000000c3400000, 0x00000000c3400000, 0x00000000c3500000|  0%| F|  |TAMS 0x00000000c3400000, 0x00000000c3400000| Untracked 
|  53|0x00000000c3500000, 0x00000000c3500000, 0x00000000c3600000|  0%| F|  |TAMS 0x00000000c3500000, 0x00000000c3500000| Untracked 
|  54|0x00000000c3600000, 0x00000000c3600000, 0x00000000c3700000|  0%| F|  |TAMS 0x00000000c3600000, 0x00000000c3600000| Untracked 
|  55|0x00000000c3700000, 0x00000000c3700000, 0x00000000c3800000|  0%| F|  |TAMS 0x00000000c3700000, 0x00000000c3700000| Untracked 
|  56|0x00000000c3800000, 0x00000000c3800000, 0x00000000c3900000|  0%| F|  |TAMS 0x00000000c3800000, 0x00000000c3800000| Untracked 
|  57|0x00000000c3900000, 0x00000000c39cc448, 0x00000000c3a00000| 79%| E|  |TAMS 0x00000000c3900000, 0x00000000c3900000| Complete 
|  58|0x00000000c3a00000, 0x00000000c3b00000, 0x00000000c3b00000|100%| E|CS|TAMS 0x00000000c3a00000, 0x00000000c3a00000| Complete 
|  59|0x00000000c3b00000, 0x00000000c3b4c440, 0x00000000c3c00000| 29%| S|CS|TAMS 0x00000000c3b00000, 0x00000000c3b00000| Complete 
|  60|0x00000000c3c00000, 0x00000000c3d00000, 0x00000000c3d00000|100%| E|CS|TAMS 0x00000000c3c00000, 0x00000000c3c00000| Complete 
|  61|0x00000000c3d00000, 0x00000000c3e00000, 0x00000000c3e00000|100%| E|CS|TAMS 0x00000000c3d00000, 0x00000000c3d00000| Complete 
|  62|0x00000000c3e00000, 0x00000000c3f00000, 0x00000000c3f00000|100%| E|CS|TAMS 0x00000000c3e00000, 0x00000000c3e00000| Complete 
|  63|0x00000000c3f00000, 0x00000000c4000000, 0x00000000c4000000|100%| E|CS|TAMS 0x00000000c3f00000, 0x00000000c3f00000| Complete 

Card table byte_map: [0x000001bbbb670000,0x000001bbbb870000] _byte_map_base: 0x000001bbbb070000

Marking Bits (Prev, Next): (CMBitMap*) 0x000001bba3c7fa28, (CMBitMap*) 0x000001bba3c7fa60
 Prev Bits: [0x000001bbbba70000, 0x000001bbbca70000)
 Next Bits: [0x000001bbbca70000, 0x000001bbbda70000)

Polling page: 0x000001bba22a0000

Metaspace:

Usage:
  Non-class:     13.49 MB capacity,    13.29 MB ( 99%) used,   161.64 KB (  1%) free+waste,    42.81 KB ( <1%) overhead. 
      Class:      1.73 MB capacity,     1.56 MB ( 90%) used,   146.79 KB (  8%) free+waste,    22.75 KB (  1%) overhead. 
       Both:     15.22 MB capacity,    14.85 MB ( 98%) used,   308.43 KB (  2%) free+waste,    65.56 KB ( <1%) overhead. 

Virtual space:
  Non-class space:       14.00 MB reserved,      13.50 MB ( 96%) committed 
      Class space:        1.00 GB reserved,       1.75 MB ( <1%) committed 
             Both:        1.01 GB reserved,      15.25 MB (  1%) committed 

Chunk freelists:
   Non-Class:  1.75 KB
       Class:  2.50 KB
        Both:  4.25 KB

CodeHeap 'non-profiled nmethods': size=120064Kb used=456Kb max_used=456Kb free=119607Kb
 bounds [0x000001bbb3b30000, 0x000001bbb3da0000, 0x000001bbbb070000]
CodeHeap 'profiled nmethods': size=120000Kb used=3053Kb max_used=3053Kb free=116946Kb
 bounds [0x000001bbac600000, 0x000001bbac900000, 0x000001bbb3b30000]
CodeHeap 'non-nmethods': size=5696Kb used=1214Kb max_used=1220Kb free=4481Kb
 bounds [0x000001bbac070000, 0x000001bbac2e0000, 0x000001bbac600000]
 total_blobs=2119 nmethods=1544 adapters=486
 compilation: enabled
              stopped_count=0, restarted_count=0
 full_count=0

Compilation events (10 events):
Event: 14075.302 Thread 0x000001bbc06bc800 nmethod 1540 0x000001bbac8f6810 code [0x000001bbac8f6a40, 0x000001bbac8f72e0]
Event: 14555.323 Thread 0x000001bbc06bc800 1541   !   3       jdk.internal.ref.PhantomCleanable::isListEmpty (34 bytes)
Event: 14555.329 Thread 0x000001bbc06bc800 nmethod 1541 0x000001bbac8f7610 code [0x000001bbac8f77c0, 0x000001bbac8f7b18]
Event: 14555.329 Thread 0x000001bbc06bc800 1542       3       jdk.internal.misc.InnocuousThread::eraseThreadLocals (23 bytes)
Event: 14555.334 Thread 0x000001bbc06bc800 nmethod 1542 0x000001bbac8f7c10 code [0x000001bbac8f7dc0, 0x000001bbac8f7ff8]
Event: 16459.901 Thread 0x000001bbc06bc800 1543       3       sun.invoke.util.VerifyAccess::isMemberAccessible (313 bytes)
Event: 16459.931 Thread 0x000001bbc06bc800 nmethod 1543 0x000001bbac8f8090 code [0x000001bbac8f8560, 0x000001bbac8fa770]
Event: 16460.190 Thread 0x000001bbc06bc800 1545       3       java.lang.String::<init> (10 bytes)
Event: 16460.193 Thread 0x000001bbc06bc800 nmethod 1545 0x000001bbac8fb190 code [0x000001bbac8fb340, 0x000001bbac8fb4f0]
Event: 16583.347 Thread 0x000001bbc066f800 1546       4       java.util.HashMap::putVal (300 bytes)

GC Heap History (4 events):
Event: 2.306 GC heap before
{Heap before GC invocations=0 (full 0):
 garbage-first heap   total 65536K, used 7168K [0x00000000c0000000, 0x0000000100000000)
  region size 1024K, 7 young (7168K), 0 survivors (0K)
 Metaspace       used 12430K, capacity 12712K, committed 12800K, reserved 1060864K
  class space    used 1333K, capacity 1473K, committed 1536K, reserved 1048576K
}
Event: 2.326 GC heap after
{Heap after GC invocations=1 (full 0):
 garbage-first heap   total 65536K, used 1858K [0x00000000c0000000, 0x0000000100000000)
  region size 1024K, 1 young (1024K), 1 survivors (1024K)
 Metaspace       used 12430K, capacity 12712K, committed 12800K, reserved 1060864K
  class space    used 1333K, capacity 1473K, committed 1536K, reserved 1048576K
}
Event: 33.263 GC heap before
{Heap before GC invocations=1 (full 0):
 garbage-first heap   total 65536K, used 5954K [0x00000000c0000000, 0x0000000100000000)
  region size 1024K, 5 young (5120K), 1 survivors (1024K)
 Metaspace       used 14920K, capacity 15316K, committed 15360K, reserved 1062912K
  class space    used 1581K, capacity 1768K, committed 1792K, reserved 1048576K
}
Event: 33.278 GC heap after
{Heap after GC invocations=2 (full 0):
 garbage-first heap   total 65536K, used 2206K [0x00000000c0000000, 0x0000000100000000)
  region size 1024K, 1 young (1024K), 1 survivors (1024K)
 Metaspace       used 14920K, capacity 15316K, committed 15360K, reserved 1062912K
  class space    used 1581K, capacity 1768K, committed 1792K, reserved 1048576K
}

Deoptimization events (10 events):
Event: 15.578 Thread 0x000001bbc0c34800 Uncommon trap: reason=class_check action=maybe_recompile pc=0x000001bbb3b466e8 method=java.lang.String.equals(Ljava/lang/Object;)Z @ 8 c2
Event: 15.578 Thread 0x000001bbc0c34800 Uncommon trap: reason=class_check action=maybe_recompile pc=0x000001bbb3b466e8 method=java.lang.String.equals(Ljava/lang/Object;)Z @ 8 c2
Event: 31.808 Thread 0x000001bbc0c36800 Uncommon trap: reason=unstable_if action=reinterpret pc=0x000001bbb3b8f0dc method=java.util.concurrent.locks.ReentrantLock$Sync.nonfairTryAcquire(I)Z @ 19 c2
Event: 61.974 Thread 0x000001bbc4587800 Uncommon trap: reason=intrinsic_or_type_checked_inlining action=make_not_entrant pc=0x000001bbb3b9c960 method=java.util.Arrays.copyOf([Ljava/lang/Object;ILjava/lang/Class;)[Ljava/lang/Object; @ 35 c2
Event: 545.531 Thread 0x000001bbc4587800 Uncommon trap: reason=class_check action=make_not_entrant pc=0x000001bbb3b9d830 method=java.util.ArrayList.toArray([Ljava/lang/Object;)[Ljava/lang/Object; @ 21 c2
Event: 6806.367 Thread 0x000001bbc0c34800 Uncommon trap: reason=class_check action=maybe_recompile pc=0x000001bbb3b87408 method=java.util.HashMap.putVal(ILjava/lang/Object;Ljava/lang/Object;ZZ)Ljava/lang/Object; @ 203 c2
Event: 6806.380 Thread 0x000001bbc0c34800 Uncommon trap: reason=class_check action=maybe_recompile pc=0x000001bbb3b87408 method=java.util.HashMap.putVal(ILjava/lang/Object;Ljava/lang/Object;ZZ)Ljava/lang/Object; @ 203 c2
Event: 6806.381 Thread 0x000001bbc0c34800 Uncommon trap: reason=class_check action=maybe_recompile pc=0x000001bbb3b87408 method=java.util.HashMap.putVal(ILjava/lang/Object;Ljava/lang/Object;ZZ)Ljava/lang/Object; @ 203 c2
Event: 6806.385 Thread 0x000001bbc0c34800 Uncommon trap: reason=class_check action=maybe_recompile pc=0x000001bbb3b87408 method=java.util.HashMap.putVal(ILjava/lang/Object;Ljava/lang/Object;ZZ)Ljava/lang/Object; @ 203 c2
Event: 16460.312 Thread 0x000001bbc4587800 Uncommon trap: reason=unstable_if action=reinterpret pc=0x000001bbb3b9f418 method=java.util.ArrayList.toArray([Ljava/lang/Object;)[Ljava/lang/Object; @ 6 c2

Classes redefined (0 events):
No events

Internal exceptions (10 events):
Event: 1.781 Thread 0x000001bba3c52000 Exception <a 'java/lang/NoSuchMethodError'{0x00000000c3bc15e8}: java.lang.invoke.DirectMethodHandle$Holder.invokeStatic(Ljava/lang/Object;ILjava/lang/Object;)Ljava/lang/Object;> (0x00000000c3bc15e8) thrown at [./open/src/hotspot/share/interpreter/linkReso
Event: 1.926 Thread 0x000001bba3c52000 Exception <a 'java/lang/ClassNotFoundException'{0x00000000c3a6cb30}: com/sun/swing/internal/plaf/metal/resources/spi/metalProvider> (0x00000000c3a6cb30) thrown at [./open/src/hotspot/share/classfile/systemDictionary.cpp, line 228]
Event: 1.931 Thread 0x000001bba3c52000 Exception <a 'java/lang/ClassNotFoundException'{0x00000000c3a70b18}: com/sun/swing/internal/plaf/basic/resources/spi/basicProvider> (0x00000000c3a70b18) thrown at [./open/src/hotspot/share/classfile/systemDictionary.cpp, line 228]
Event: 2.190 Thread 0x000001bba3c52000 Exception <a 'java/lang/NoSuchMethodError'{0x00000000c39788f0}: java.lang.invoke.DirectMethodHandle$Holder.invokeStaticInit(Ljava/lang/Object;)V> (0x00000000c39788f0) thrown at [./open/src/hotspot/share/interpreter/linkResolver.cpp, line 772]
Event: 2.415 Thread 0x000001bba3c52000 Exception <a 'java/lang/NoSuchMethodError'{0x00000000c3fdf830}: java.lang.invoke.DirectMethodHandle$Holder.invokeStatic(Ljava/lang/Object;Ljava/lang/Object;Ljava/lang/Object;Ljava/lang/Object;Ljava/lang/Object;Ljava/lang/Object;Ljava/lang/Object;Ljava/lan
Event: 2.428 Thread 0x000001bba3c52000 Exception <a 'java/lang/NoSuchMethodError'{0x00000000c3ffda30}: java.lang.invoke.DirectMethodHandle$Holder.invokeStatic(Ljava/lang/Object;Ljava/lang/Object;Ljava/lang/Object;Ljava/lang/Object;Ljava/lang/Object;Ljava/lang/Object;Ljava/lang/Object;Ljava/lan
Event: 2.451 Thread 0x000001bba3c52000 Exception <a 'java/lang/NoSuchMethodError'{0x00000000c3e1d1d8}: java.lang.invoke.DirectMethodHandle$Holder.invokeStatic(Ljava/lang/Object;Ljava/lang/Object;Ljava/lang/Object;Ljava/lang/Object;Ljava/lang/Object;Ljava/lang/Object;Ljava/lang/Object;Ljava/lan
Event: 2.458 Thread 0x000001bba3c52000 Exception <a 'java/lang/NoSuchMethodError'{0x00000000c3e29230}: java.lang.invoke.Invokers$Holder.linkToTargetMethod(Ljava/lang/Object;ILjava/lang/Object;)Ljava/lang/Object;> (0x00000000c3e29230) thrown at [./open/src/hotspot/share/interpreter/linkResolver
Event: 2.522 Thread 0x000001bba3c52000 Exception <a 'java/lang/NoSuchMethodError'{0x00000000c3e72c58}: java.lang.invoke.DirectMethodHandle$Holder.invokeStatic(Ljava/lang/Object;Ljava/lang/Object;Ljava/lang/Object;Ljava/lang/Object;Ljava/lang/Object;Ljava/lang/Object;Ljava/lang/Object;Ljava/lan
Event: 16459.942 Thread 0x000001bbc0c34800 Exception <a 'java/lang/NoSuchMethodError'{0x00000000c3fe7138}: java.lang.invoke.DirectMethodHandle$Holder.invokeVirtual(Ljava/lang/Object;Ljava/lang/Object;)V> (0x00000000c3fe7138) thrown at [./open/src/hotspot/share/interpreter/linkResolver.cpp, line 77

Events (10 events):
Event: 16460.332 Executing VM operation: RevokeBias
Event: 16460.332 Executing VM operation: RevokeBias done
Event: 16460.332 Executing VM operation: RevokeBias
Event: 16460.332 Executing VM operation: RevokeBias done
Event: 16460.332 Executing VM operation: RevokeBias
Event: 16460.332 Executing VM operation: RevokeBias done
Event: 16460.332 Executing VM operation: BulkRevokeBias
Event: 16460.333 Executing VM operation: BulkRevokeBias done
Event: 16460.333 Executing VM operation: RevokeBias
Event: 16460.333 Executing VM operation: RevokeBias done


Dynamic libraries:
0x00007ff789390000 - 0x00007ff78939f000 	C:\Program Files\Java\jdk-11.0.8\bin\javaw.exe
0x00007ffd36ff0000 - 0x00007ffd371e5000 	C:\WINDOWS\SYSTEM32\ntdll.dll
0x00007ffd36410000 - 0x00007ffd364ce000 	C:\WINDOWS\System32\KERNEL32.DLL
0x00007ffd34d40000 - 0x00007ffd35008000 	C:\WINDOWS\System32\KERNELBASE.dll
0x00007ffd34a50000 - 0x00007ffd34b50000 	C:\WINDOWS\System32\ucrtbase.dll
0x00007ffd20070000 - 0x00007ffd20088000 	C:\Program Files\Java\jdk-11.0.8\bin\jli.dll
0x00007ffd36b50000 - 0x00007ffd36bfe000 	C:\WINDOWS\System32\ADVAPI32.dll
0x00007ffd368c0000 - 0x00007ffd3695e000 	C:\WINDOWS\System32\msvcrt.dll
0x00007ffd36ab0000 - 0x00007ffd36b4c000 	C:\WINDOWS\System32\sechost.dll
0x00007ffd366d0000 - 0x00007ffd367f5000 	C:\WINDOWS\System32\RPCRT4.dll
0x00007ffd36e10000 - 0x00007ffd36fb0000 	C:\WINDOWS\System32\USER32.dll
0x00007ffd34a20000 - 0x00007ffd34a42000 	C:\WINDOWS\System32\win32u.dll
0x00007ffd358d0000 - 0x00007ffd358fb000 	C:\WINDOWS\System32\GDI32.dll
0x00007ffd34760000 - 0x00007ffd3486d000 	C:\WINDOWS\System32\gdi32full.dll
0x00007ffd34bf0000 - 0x00007ffd34c8d000 	C:\WINDOWS\System32\msvcp_win.dll
0x00007ffd22700000 - 0x00007ffd2299a000 	C:\WINDOWS\WinSxS\amd64_microsoft.windows.common-controls_6595b64144ccf1df_6.0.19041.1110_none_60b5254171f9507e\COMCTL32.dll
0x00007ffd301c0000 - 0x00007ffd301ca000 	C:\WINDOWS\SYSTEM32\VERSION.dll
0x00007ffd19870000 - 0x00007ffd19885000 	C:\Program Files\Java\jdk-11.0.8\bin\VCRUNTIME140.dll
0x00007ffd36800000 - 0x00007ffd36830000 	C:\WINDOWS\System32\IMM32.DLL
0x00007ffd0fa40000 - 0x00007ffd0fadb000 	C:\Program Files\Java\jdk-11.0.8\bin\msvcp140.dll
0x00007ffd0e260000 - 0x00007ffd0ed46000 	C:\Program Files\Java\jdk-11.0.8\bin\server\jvm.dll
0x00007ffd35900000 - 0x00007ffd35908000 	C:\WINDOWS\System32\PSAPI.DLL
0x00007ffd25390000 - 0x00007ffd25399000 	C:\WINDOWS\SYSTEM32\WSOCK32.dll
0x00007ffd35c70000 - 0x00007ffd35cdb000 	C:\WINDOWS\System32\WS2_32.dll
0x00007ffd16e60000 - 0x00007ffd16e87000 	C:\WINDOWS\SYSTEM32\WINMM.dll
0x00007ffd32650000 - 0x00007ffd32662000 	C:\WINDOWS\SYSTEM32\kernel.appcore.dll
0x00007ffd21100000 - 0x00007ffd21110000 	C:\Program Files\Java\jdk-11.0.8\bin\verify.dll
0x00007ffd2ed80000 - 0x00007ffd2ef64000 	C:\WINDOWS\SYSTEM32\DBGHELP.DLL
0x00007ffd2ed50000 - 0x00007ffd2ed7c000 	C:\WINDOWS\SYSTEM32\dbgcore.DLL
0x00007ffd35010000 - 0x00007ffd35092000 	C:\WINDOWS\System32\bcryptPrimitives.dll
0x00007ffd0fa10000 - 0x00007ffd0fa38000 	C:\Program Files\Java\jdk-11.0.8\bin\java.dll
0x00007ffd20670000 - 0x00007ffd2067a000 	C:\Program Files\Java\jdk-11.0.8\bin\jimage.dll
0x00007ffd0f9f0000 - 0x00007ffd0fa06000 	C:\Program Files\Java\jdk-11.0.8\bin\zip.dll
0x00007ffd35180000 - 0x00007ffd358c4000 	C:\WINDOWS\System32\SHELL32.dll
0x00007ffd32850000 - 0x00007ffd32fe4000 	C:\WINDOWS\SYSTEM32\windows.storage.dll
0x00007ffd35910000 - 0x00007ffd35c65000 	C:\WINDOWS\System32\combase.dll
0x00007ffd340e0000 - 0x00007ffd3410e000 	C:\WINDOWS\SYSTEM32\Wldp.dll
0x00007ffd35d60000 - 0x00007ffd35e0d000 	C:\WINDOWS\System32\SHCORE.dll
0x00007ffd36db0000 - 0x00007ffd36e05000 	C:\WINDOWS\System32\shlwapi.dll
0x00007ffd346a0000 - 0x00007ffd346bf000 	C:\WINDOWS\SYSTEM32\profapi.dll
0x00007ffd1c970000 - 0x00007ffd1cb0a000 	C:\Program Files\Java\jdk-11.0.8\bin\awt.dll
0x00007ffd36340000 - 0x00007ffd3640d000 	C:\WINDOWS\System32\OLEAUT32.dll
0x00007ffd320a0000 - 0x00007ffd32130000 	C:\WINDOWS\SYSTEM32\apphelp.dll
0x00007ffd32360000 - 0x00007ffd3238f000 	C:\WINDOWS\system32\DWMAPI.DLL
0x00007ffd32150000 - 0x00007ffd321ee000 	C:\WINDOWS\system32\uxtheme.dll
0x00007ffd1d990000 - 0x00007ffd1dab5000 	C:\WINDOWS\system32\opengl32.dll
0x00007ffd23fa0000 - 0x00007ffd23fcc000 	C:\WINDOWS\SYSTEM32\GLU32.dll
0x00007ffd36960000 - 0x00007ffd36a76000 	C:\WINDOWS\System32\MSCTF.dll
0x00007ffd364e0000 - 0x00007ffd3660a000 	C:\WINDOWS\System32\ole32.dll
0x00007ffd1c180000 - 0x00007ffd1c350000 	C:\WINDOWS\system32\d3d9.dll
0x00007ffd26710000 - 0x00007ffd26e06000 	C:\WINDOWS\SYSTEM32\d3d10warp.dll
0x00007ffd272a0000 - 0x00007ffd272db000 	C:\WINDOWS\SYSTEM32\dxcore.dll
0x00007ffd34870000 - 0x00007ffd348be000 	C:\WINDOWS\System32\cfgmgr32.dll
0x00007ffd21740000 - 0x00007ffd217c2000 	C:\Program Files\Java\jdk-11.0.8\bin\freetype.dll
0x00007ffd20aa0000 - 0x00007ffd20b46000 	C:\Program Files\Java\jdk-11.0.8\bin\fontmanager.dll
0x00007ffd35e10000 - 0x00007ffd35eb9000 	C:\WINDOWS\System32\clbcatq.dll
0x00007ffd27570000 - 0x00007ffd27724000 	C:\WINDOWS\SYSTEM32\WindowsCodecs.dll
0x00007ffd34b50000 - 0x00007ffd34b77000 	C:\WINDOWS\System32\bcrypt.dll
0x00007ffd167d0000 - 0x00007ffd1680e000 	C:\WINDOWS\system32\dataexchange.dll
0x00007ffd31170000 - 0x00007ffd313d4000 	C:\WINDOWS\system32\d3d11.dll
0x00007ffd318f0000 - 0x00007ffd31ad5000 	C:\WINDOWS\system32\dcomp.dll
0x00007ffd33050000 - 0x00007ffd33144000 	C:\WINDOWS\system32\dxgi.dll
0x00007ffd2dac0000 - 0x00007ffd2dcc1000 	C:\WINDOWS\system32\twinapi.appcore.dll
0x00007ffd0f920000 - 0x00007ffd0f939000 	C:\Program Files\Java\jdk-11.0.8\bin\net.dll
0x00007ffd2fee0000 - 0x00007ffd2ffec000 	C:\WINDOWS\SYSTEM32\WINHTTP.dll
0x00007ffd33e40000 - 0x00007ffd33eaa000 	C:\WINDOWS\system32\mswsock.dll
0x00007ffd0f900000 - 0x00007ffd0f912000 	C:\Program Files\Java\jdk-11.0.8\bin\nio.dll
0x00007ffd29440000 - 0x00007ffd29539000 	C:\WINDOWS\SYSTEM32\textinputframework.dll
0x00007ffd31c00000 - 0x00007ffd31f5e000 	C:\WINDOWS\System32\CoreUIComponents.dll
0x00007ffd31b00000 - 0x00007ffd31bf2000 	C:\WINDOWS\System32\CoreMessaging.dll
0x00007ffd33450000 - 0x00007ffd33483000 	C:\WINDOWS\SYSTEM32\ntmarta.dll
0x00007ffd31790000 - 0x00007ffd318e4000 	C:\WINDOWS\SYSTEM32\wintypes.dll

dbghelp: loaded successfully - version: 4.0.5 - missing functions: none
symbol engine: initialized successfully - sym options: 0x614 - pdb path: .;C:\Program Files\Java\jdk-11.0.8\bin;C:\WINDOWS\SYSTEM32;C:\WINDOWS\WinSxS\amd64_microsoft.windows.common-controls_6595b64144ccf1df_6.0.19041.1110_none_60b5254171f9507e;C:\Program Files\Java\jdk-11.0.8\bin\server

VM Arguments:
jvm_args: -Dfile.encoding=Cp1252 
java_command: formularioLibro.Formulario
java_class_path (initial): C:\Users\alumno\eclipse-workspace\ZZ-FormularioLibro\bin
Launcher Type: SUN_STANDARD

[Global flags]
     intx CICompilerCount                          = 2                                         {product} {ergonomic}
     uint ConcGCThreads                            = 1                                         {product} {ergonomic}
     uint G1ConcRefinementThreads                  = 2                                         {product} {ergonomic}
   size_t G1HeapRegionSize                         = 1048576                                   {product} {ergonomic}
    uintx GCDrainStackTargetSize                   = 64                                        {product} {ergonomic}
   size_t InitialHeapSize                          = 67108864                                  {product} {ergonomic}
   size_t MarkStackSize                            = 4194304                                   {product} {ergonomic}
   size_t MaxHeapSize                              = 1073741824                                {product} {ergonomic}
   size_t MaxNewSize                               = 643825664                                 {product} {ergonomic}
   size_t MinHeapDeltaBytes                        = 1048576                                   {product} {ergonomic}
    uintx NonNMethodCodeHeapSize                   = 5825164                                {pd product} {ergonomic}
    uintx NonProfiledCodeHeapSize                  = 122916538                              {pd product} {ergonomic}
    uintx ProfiledCodeHeapSize                     = 122916538                              {pd product} {ergonomic}
    uintx ReservedCodeCacheSize                    = 251658240                              {pd product} {ergonomic}
     bool SegmentedCodeCache                       = true                                      {product} {ergonomic}
     bool UseCompressedClassPointers               = true                                 {lp64_product} {ergonomic}
     bool UseCompressedOops                        = true                                 {lp64_product} {ergonomic}
     bool UseG1GC                                  = true                                      {product} {ergonomic}
     bool UseLargePagesIndividualAllocation        = false                                  {pd product} {ergonomic}

Logging:
Log output configuration:
 #0: stdout all=warning uptime,level,tags
 #1: stderr all=off uptime,level,tags

Environment Variables:
PATH=C:\Program Files\Common Files\Oracle\Java\javapath;C:\WINDOWS\system32;C:\WINDOWS;C:\WINDOWS\System32\Wbem;C:\WINDOWS\System32\WindowsPowerShell\v1.0\;C:\WINDOWS\System32\OpenSSH\;;C:\Users\alumno\AppData\Local\Programs\Microsoft VS Code\bin;C:\Users\alumno\AppData\Local\Microsoft\WindowsApps
USERNAME=alumno
OS=Windows_NT
PROCESSOR_IDENTIFIER=Intel64 Family 6 Model 61 Stepping 4, GenuineIntel



---------------  S Y S T E M  ---------------

OS: Windows 10 , 64 bit Build 19041 (10.0.19041.1503)

CPU:total 2 (initial active 2) (2 cores per cpu, 1 threads per core) family 6 model 61 stepping 4, cmov, cx8, fxsr, mmx, sse, sse2, sse3, ssse3, sse4.1, sse4.2, popcnt, avx, avx2, aes, clmul, 3dnowpref, lzcnt, tsc, tscinvbit

Memory: 4k page, system-wide physical 4095M (851M free)
TotalPageFile size 8062M (AvailPageFile size 7M)
current process WorkingSet (physical memory assigned to process): 28M, peak: 77M
current process commit charge ("private bytes"): 152M, peak: 155M

vm_info: Java HotSpot(TM) 64-Bit Server VM (11.0.8+10-LTS) for windows-amd64 JRE (11.0.8+10-LTS), built on Jun 16 2020 05:53:08 by "mach5one" with unknown MS VC++:1916

END.
